Watching for file changes with StatReloader
"GET / HTTP/1.1" 200 13
/home/greg/SDRepo/GeekBrains/Geek/Django/lesson1/djangoApp1/views.py changed, reloading.
Watching for file changes with StatReloader
"GET / HTTP/1.1" 200 13
"GET / HTTP/1.1" 200 13
"GET / HTTP/1.1" 200 13
"GET /about/ HTTP/1.1" 200 27
/home/greg/SDRepo/GeekBrains/Geek/Django/lesson1/lesson1/settings.py changed, reloading.
Watching for file changes with StatReloader
Error in about page: division by zero
Traceback (most recent call last):
  File "/home/greg/SDRepo/GeekBrains/Geek/Django/lesson1/djangoApp1/views.py", line 10, in about
    result = 1 / 0
             ~~^~~
ZeroDivisionError: division by zero
"GET /about/ HTTP/1.1" 200 27
Index page accessed
"GET / HTTP/1.1" 200 13
Error in about page: division by zero
Traceback (most recent call last):
  File "/home/greg/SDRepo/GeekBrains/Geek/Django/lesson1/djangoApp1/views.py", line 10, in about
    result = 1 / 0
             ~~^~~
ZeroDivisionError: division by zero
"GET /about/ HTTP/1.1" 200 27
/home/greg/SDRepo/GeekBrains/Geek/Django/lesson1/lesson1/settings.py changed, reloading.
Watching for file changes with StatReloader
/home/greg/SDRepo/GeekBrains/Geek/Django/lesson1/lesson1/settings.py changed, reloading.
Watching for file changes with StatReloader
